c:\college projects\year 4\y4-onlinegaming\lab 9 - client\lab 9 - client\debug\vc142.pdb
c:\college projects\year 4\y4-onlinegaming\lab 9 - client\lab 9 - client\debug\vc142.idb
c:\college projects\year 4\y4-onlinegaming\lab 9 - client\lab 9 - client\debug\source.obj
c:\college projects\year 4\y4-onlinegaming\lab 9 - client\lab 9 - client\debug\sendgetmethods.obj
c:\college projects\year 4\y4-onlinegaming\lab 9 - client\lab 9 - client\debug\ltexture.obj
c:\college projects\year 4\y4-onlinegaming\lab 9 - client\lab 9 - client\debug\dot.obj
c:\college projects\year 4\y4-onlinegaming\lab 9 - client\lab 9 - client\debug\clientini.obj
c:\college projects\year 4\y4-onlinegaming\lab 9 - client\lab 9 - client\debug\client.obj
c:\college projects\year 4\y4-onlinegaming\lab 9 - client\lab 9 - client\debug\packetstructs.obj
c:\college projects\year 4\y4-onlinegaming\lab 9 - client\lab 9 - client\debug\packetmanager.obj
c:\college projects\year 4\y4-onlinegaming\lab 9 - client\lab 9 - client\debug\packet.obj
c:\college projects\year 4\y4-onlinegaming\lab 9 - client\debug\lab 9 - client.pdb
c:\college projects\year 4\y4-onlinegaming\lab 9 - client\lab 9 - client\debug\lab 9 - client.tlog\cl.command.1.tlog
c:\college projects\year 4\y4-onlinegaming\lab 9 - client\lab 9 - client\debug\lab 9 - client.tlog\cl.read.1.tlog
c:\college projects\year 4\y4-onlinegaming\lab 9 - client\lab 9 - client\debug\lab 9 - client.tlog\cl.write.1.tlog
c:\college projects\year 4\y4-onlinegaming\lab 9 - client\lab 9 - client\debug\lab 9 - client.tlog\link-cvtres.read.1.tlog
c:\college projects\year 4\y4-onlinegaming\lab 9 - client\lab 9 - client\debug\lab 9 - client.tlog\link-cvtres.write.1.tlog
c:\college projects\year 4\y4-onlinegaming\lab 9 - client\lab 9 - client\debug\lab 9 - client.tlog\link-rc.read.1.tlog
c:\college projects\year 4\y4-onlinegaming\lab 9 - client\lab 9 - client\debug\lab 9 - client.tlog\link-rc.write.1.tlog
c:\college projects\year 4\y4-onlinegaming\lab 9 - client\lab 9 - client\debug\lab 9 - client.tlog\link.command.1.tlog
c:\college projects\year 4\y4-onlinegaming\lab 9 - client\lab 9 - client\debug\lab 9 - client.tlog\link.read.1.tlog
c:\college projects\year 4\y4-onlinegaming\lab 9 - client\lab 9 - client\debug\lab 9 - client.tlog\link.write.1.tlog
